<?xml version="1.0" encoding="UTF-8"?>
<!-- Generated by org.testng.reporters.JUnitReportReporter -->
<testsuite hostname="DESKTOP-B93LFTT" failures="0" tests="1" name="TestCases.readtableTest" time="12.868" errors="0" timestamp="2023-09-09T11:47:04 IST" skipped="0">
  <testcase classname="TestCases.readtableTest" name="tablereadtest" time="12.868"/>
  <system-out/>
</testsuite> <!-- TestCases.readtableTest -->
